[2021-05-12 17:30:10.858] [exthost] [info] extension host started
[2021-05-12 17:30:10.980] [exthost] [info] ExtensionService#_doActivateExtension vscode.debug-auto-launch {"startup":true,"extensionId":{"value":"vscode.debug-auto-launch","_lower":"vscode.debug-auto-launch"},"activationEvent":"*"}
[2021-05-12 17:30:10.980] [exthost] [info] ExtensionService#loadCommonJSModule file:///usr/share/vscodium-bin/resources/app/extensions/debug-auto-launch/dist/extension
[2021-05-12 17:30:10.989] [exthost] [info] ExtensionService#_doActivateExtension vscode.git {"startup":true,"extensionId":{"value":"vscode.github","_lower":"vscode.github"},"activationEvent":"*"}
[2021-05-12 17:30:10.989] [exthost] [info] ExtensionService#loadCommonJSModule file:///usr/share/vscodium-bin/resources/app/extensions/git/dist/main
[2021-05-12 17:30:11.110] [exthost] [info] ExtensionService#_doActivateExtension vscode-icons-team.vscode-icons {"startup":true,"extensionId":{"value":"vscode-icons-team.vscode-icons","_lower":"vscode-icons-team.vscode-icons"},"activationEvent":"*"}
[2021-05-12 17:30:11.111] [exthost] [info] ExtensionService#loadCommonJSModule file:///home/steve/.vscode-oss/extensions/vscode-icons-team.vscode-icons-11.4.0/dist/src/vscode-icons.bundle.js
[2021-05-12 17:30:11.249] [exthost] [info] ExtensionService#_doActivateExtension zhuangtongfa.material-theme {"startup":true,"extensionId":{"value":"zhuangtongfa.material-theme","_lower":"zhuangtongfa.material-theme"},"activationEvent":"*"}
[2021-05-12 17:30:11.249] [exthost] [info] ExtensionService#loadCommonJSModule file:///home/steve/.vscode-oss/extensions/zhuangtongfa.material-theme-3.10.14/out/extension.js
[2021-05-12 17:30:12.888] [exthost] [info] ExtensionService#_doActivateExtension ms-vscode.js-debug {"startup":false,"extensionId":{"value":"ms-vscode.js-debug","_lower":"ms-vscode.js-debug"},"activationEvent":"onCommand:extension.js-debug.clearAutoAttachVariables"}
[2021-05-12 17:30:12.889] [exthost] [info] ExtensionService#loadCommonJSModule file:///usr/share/vscodium-bin/resources/app/extensions/ms-vscode.js-debug/src/extension.js
[2021-05-12 17:30:13.387] [exthost] [info] ExtensionService#_doActivateExtension vscode.github {"startup":false,"extensionId":{"value":"vscode.github","_lower":"vscode.github"},"activationEvent":"*"}
[2021-05-12 17:30:13.387] [exthost] [info] ExtensionService#loadCommonJSModule file:///usr/share/vscodium-bin/resources/app/extensions/github/dist/extension.js
[2021-05-12 17:30:17.287] [exthost] [info] eager extensions activated
[2021-05-12 17:30:17.316] [exthost] [info] ExtensionService#_doActivateExtension vscode.emmet {"startup":false,"extensionId":{"value":"vscode.emmet","_lower":"vscode.emmet"},"activationEvent":"onStartupFinished"}
[2021-05-12 17:30:17.316] [exthost] [info] ExtensionService#loadCommonJSModule file:///usr/share/vscodium-bin/resources/app/extensions/emmet/dist/node/emmetNodeMain
[2021-05-12 17:30:17.352] [exthost] [info] ExtensionService#_doActivateExtension vscode.merge-conflict {"startup":false,"extensionId":{"value":"vscode.merge-conflict","_lower":"vscode.merge-conflict"},"activationEvent":"onStartupFinished"}
[2021-05-12 17:30:17.352] [exthost] [info] ExtensionService#loadCommonJSModule file:///usr/share/vscodium-bin/resources/app/extensions/merge-conflict/dist/mergeConflictMain
[2021-05-12 17:30:17.384] [exthost] [info] ExtensionService#_doActivateExtension vscode.testing-editor-contributions {"startup":false,"extensionId":{"value":"vscode.testing-editor-contributions","_lower":"vscode.testing-editor-contributions"},"activationEvent":"onStartupFinished"}
[2021-05-12 17:30:17.384] [exthost] [info] ExtensionService#loadCommonJSModule file:///usr/share/vscodium-bin/resources/app/extensions/testing-editor-contributions/dist/extension.js
[2021-05-12 17:31:12.714] [exthost] [info] ExtensionService#_doActivateExtension vscode.configuration-editing {"startup":false,"extensionId":{"value":"vscode.configuration-editing","_lower":"vscode.configuration-editing"},"activationEvent":"onLanguage:jsonc"}
[2021-05-12 17:31:12.715] [exthost] [info] ExtensionService#loadCommonJSModule file:///usr/share/vscodium-bin/resources/app/extensions/configuration-editing/dist/configurationEditingMain
[2021-05-12 17:31:12.827] [exthost] [info] ExtensionService#_doActivateExtension vscode.json-language-features {"startup":false,"extensionId":{"value":"vscode.json-language-features","_lower":"vscode.json-language-features"},"activationEvent":"onLanguage:jsonc"}
[2021-05-12 17:31:12.827] [exthost] [info] ExtensionService#loadCommonJSModule file:///usr/share/vscodium-bin/resources/app/extensions/json-language-features/client/dist/node/jsonClientMain
[2021-05-12 17:31:12.967] [exthost] [info] ExtensionService#_doActivateExtension vscode.typescript-language-features {"startup":false,"extensionId":{"value":"vscode.typescript-language-features","_lower":"vscode.typescript-language-features"},"activationEvent":"onLanguage:jsonc"}
[2021-05-12 17:31:12.967] [exthost] [info] ExtensionService#loadCommonJSModule file:///usr/share/vscodium-bin/resources/app/extensions/typescript-language-features/dist/extension
[2021-05-12 17:31:17.895] [exthost] [info] extension host terminating: received terminate message from renderer
[2021-05-12 17:31:18.916] [exthost] [info] exiting with code 0
[2021-05-12 17:31:21.375] [exthost] [info] extension host started
[2021-05-12 17:31:22.136] [exthost] [info] ExtensionService#_doActivateExtension vscode.debug-auto-launch {"startup":true,"extensionId":{"value":"vscode.debug-auto-launch","_lower":"vscode.debug-auto-launch"},"activationEvent":"*"}
[2021-05-12 17:31:22.136] [exthost] [info] ExtensionService#loadCommonJSModule file:///usr/share/vscodium-bin/resources/app/extensions/debug-auto-launch/dist/extension
[2021-05-12 17:31:22.141] [exthost] [info] ExtensionService#_doActivateExtension vscode.git {"startup":true,"extensionId":{"value":"vscode.github","_lower":"vscode.github"},"activationEvent":"*"}
[2021-05-12 17:31:22.142] [exthost] [info] ExtensionService#loadCommonJSModule file:///usr/share/vscodium-bin/resources/app/extensions/git/dist/main
[2021-05-12 17:31:22.168] [exthost] [info] ExtensionService#_doActivateExtension vscode-icons-team.vscode-icons {"startup":true,"extensionId":{"value":"vscode-icons-team.vscode-icons","_lower":"vscode-icons-team.vscode-icons"},"activationEvent":"*"}
[2021-05-12 17:31:22.168] [exthost] [info] ExtensionService#loadCommonJSModule file:///home/steve/.vscode-oss/extensions/vscode-icons-team.vscode-icons-11.4.0/dist/src/vscode-icons.bundle.js
[2021-05-12 17:31:22.215] [exthost] [info] ExtensionService#_doActivateExtension zhuangtongfa.material-theme {"startup":true,"extensionId":{"value":"zhuangtongfa.material-theme","_lower":"zhuangtongfa.material-theme"},"activationEvent":"*"}
[2021-05-12 17:31:22.215] [exthost] [info] ExtensionService#loadCommonJSModule file:///home/steve/.vscode-oss/extensions/zhuangtongfa.material-theme-3.10.14/out/extension.js
[2021-05-12 17:31:22.447] [exthost] [info] ExtensionService#_doActivateExtension ms-vscode.js-debug {"startup":false,"extensionId":{"value":"ms-vscode.js-debug","_lower":"ms-vscode.js-debug"},"activationEvent":"onCommand:extension.js-debug.clearAutoAttachVariables"}
[2021-05-12 17:31:22.447] [exthost] [info] ExtensionService#loadCommonJSModule file:///usr/share/vscodium-bin/resources/app/extensions/ms-vscode.js-debug/src/extension.js
[2021-05-12 17:31:22.625] [exthost] [info] ExtensionService#_doActivateExtension vscode.github {"startup":false,"extensionId":{"value":"vscode.github","_lower":"vscode.github"},"activationEvent":"*"}
[2021-05-12 17:31:22.625] [exthost] [info] ExtensionService#loadCommonJSModule file:///usr/share/vscodium-bin/resources/app/extensions/github/dist/extension.js
[2021-05-12 17:31:24.547] [exthost] [info] eager extensions activated
[2021-05-12 17:31:24.618] [exthost] [info] ExtensionService#_doActivateExtension vscode.emmet {"startup":false,"extensionId":{"value":"vscode.emmet","_lower":"vscode.emmet"},"activationEvent":"onStartupFinished"}
[2021-05-12 17:31:24.618] [exthost] [info] ExtensionService#loadCommonJSModule file:///usr/share/vscodium-bin/resources/app/extensions/emmet/dist/node/emmetNodeMain
[2021-05-12 17:31:24.626] [exthost] [info] ExtensionService#_doActivateExtension vscode.merge-conflict {"startup":false,"extensionId":{"value":"vscode.merge-conflict","_lower":"vscode.merge-conflict"},"activationEvent":"onStartupFinished"}
[2021-05-12 17:31:24.626] [exthost] [info] ExtensionService#loadCommonJSModule file:///usr/share/vscodium-bin/resources/app/extensions/merge-conflict/dist/mergeConflictMain
[2021-05-12 17:31:24.628] [exthost] [info] ExtensionService#_doActivateExtension vscode.testing-editor-contributions {"startup":false,"extensionId":{"value":"vscode.testing-editor-contributions","_lower":"vscode.testing-editor-contributions"},"activationEvent":"onStartupFinished"}
[2021-05-12 17:31:24.628] [exthost] [info] ExtensionService#loadCommonJSModule file:///usr/share/vscodium-bin/resources/app/extensions/testing-editor-contributions/dist/extension.js
[2021-05-12 17:31:30.322] [exthost] [info] ExtensionService#_doActivateExtension vscode.configuration-editing {"startup":false,"extensionId":{"value":"vscode.configuration-editing","_lower":"vscode.configuration-editing"},"activationEvent":"onLanguage:jsonc"}
[2021-05-12 17:31:30.322] [exthost] [info] ExtensionService#loadCommonJSModule file:///usr/share/vscodium-bin/resources/app/extensions/configuration-editing/dist/configurationEditingMain
[2021-05-12 17:31:30.330] [exthost] [info] ExtensionService#_doActivateExtension vscode.json-language-features {"startup":false,"extensionId":{"value":"vscode.json-language-features","_lower":"vscode.json-language-features"},"activationEvent":"onLanguage:jsonc"}
[2021-05-12 17:31:30.331] [exthost] [info] ExtensionService#loadCommonJSModule file:///usr/share/vscodium-bin/resources/app/extensions/json-language-features/client/dist/node/jsonClientMain
[2021-05-12 17:31:30.372] [exthost] [info] ExtensionService#_doActivateExtension vscode.typescript-language-features {"startup":false,"extensionId":{"value":"vscode.typescript-language-features","_lower":"vscode.typescript-language-features"},"activationEvent":"onLanguage:jsonc"}
[2021-05-12 17:31:30.373] [exthost] [info] ExtensionService#loadCommonJSModule file:///usr/share/vscodium-bin/resources/app/extensions/typescript-language-features/dist/extension
[2021-05-12 17:31:32.431] [exthost] [info] extension host terminating: received terminate message from renderer
[2021-05-12 17:31:33.450] [exthost] [info] exiting with code 0
[2021-05-12 17:31:35.770] [exthost] [info] extension host started
[2021-05-12 17:31:36.562] [exthost] [info] ExtensionService#_doActivateExtension vscode.debug-auto-launch {"startup":true,"extensionId":{"value":"vscode.debug-auto-launch","_lower":"vscode.debug-auto-launch"},"activationEvent":"*"}
[2021-05-12 17:31:36.562] [exthost] [info] ExtensionService#loadCommonJSModule file:///usr/share/vscodium-bin/resources/app/extensions/debug-auto-launch/dist/extension
[2021-05-12 17:31:36.570] [exthost] [info] ExtensionService#_doActivateExtension vscode.git {"startup":true,"extensionId":{"value":"vscode.github","_lower":"vscode.github"},"activationEvent":"*"}
[2021-05-12 17:31:36.570] [exthost] [info] ExtensionService#loadCommonJSModule file:///usr/share/vscodium-bin/resources/app/extensions/git/dist/main
[2021-05-12 17:31:36.622] [exthost] [info] ExtensionService#_doActivateExtension vscode-icons-team.vscode-icons {"startup":true,"extensionId":{"value":"vscode-icons-team.vscode-icons","_lower":"vscode-icons-team.vscode-icons"},"activationEvent":"*"}
[2021-05-12 17:31:36.622] [exthost] [info] ExtensionService#loadCommonJSModule file:///home/steve/.vscode-oss/extensions/vscode-icons-team.vscode-icons-11.4.0/dist/src/vscode-icons.bundle.js
[2021-05-12 17:31:36.684] [exthost] [info] ExtensionService#_doActivateExtension zhuangtongfa.material-theme {"startup":true,"extensionId":{"value":"zhuangtongfa.material-theme","_lower":"zhuangtongfa.material-theme"},"activationEvent":"*"}
[2021-05-12 17:31:36.684] [exthost] [info] ExtensionService#loadCommonJSModule file:///home/steve/.vscode-oss/extensions/zhuangtongfa.material-theme-3.10.14/out/extension.js
[2021-05-12 17:31:36.961] [exthost] [info] ExtensionService#_doActivateExtension ms-vscode.js-debug {"startup":false,"extensionId":{"value":"ms-vscode.js-debug","_lower":"ms-vscode.js-debug"},"activationEvent":"onCommand:extension.js-debug.clearAutoAttachVariables"}
[2021-05-12 17:31:36.961] [exthost] [info] ExtensionService#loadCommonJSModule file:///usr/share/vscodium-bin/resources/app/extensions/ms-vscode.js-debug/src/extension.js
[2021-05-12 17:31:37.207] [exthost] [info] ExtensionService#_doActivateExtension vscode.github {"startup":false,"extensionId":{"value":"vscode.github","_lower":"vscode.github"},"activationEvent":"*"}
[2021-05-12 17:31:37.207] [exthost] [info] ExtensionService#loadCommonJSModule file:///usr/share/vscodium-bin/resources/app/extensions/github/dist/extension.js
[2021-05-12 17:31:38.879] [exthost] [info] eager extensions activated
[2021-05-12 17:31:38.882] [exthost] [info] ExtensionService#_doActivateExtension vscode.emmet {"startup":false,"extensionId":{"value":"vscode.emmet","_lower":"vscode.emmet"},"activationEvent":"onStartupFinished"}
[2021-05-12 17:31:38.882] [exthost] [info] ExtensionService#loadCommonJSModule file:///usr/share/vscodium-bin/resources/app/extensions/emmet/dist/node/emmetNodeMain
[2021-05-12 17:31:38.891] [exthost] [info] ExtensionService#_doActivateExtension vscode.merge-conflict {"startup":false,"extensionId":{"value":"vscode.merge-conflict","_lower":"vscode.merge-conflict"},"activationEvent":"onStartupFinished"}
[2021-05-12 17:31:38.891] [exthost] [info] ExtensionService#loadCommonJSModule file:///usr/share/vscodium-bin/resources/app/extensions/merge-conflict/dist/mergeConflictMain
[2021-05-12 17:31:38.896] [exthost] [info] ExtensionService#_doActivateExtension vscode.testing-editor-contributions {"startup":false,"extensionId":{"value":"vscode.testing-editor-contributions","_lower":"vscode.testing-editor-contributions"},"activationEvent":"onStartupFinished"}
[2021-05-12 17:31:38.896] [exthost] [info] ExtensionService#loadCommonJSModule file:///usr/share/vscodium-bin/resources/app/extensions/testing-editor-contributions/dist/extension.js
[2021-05-12 17:34:29.769] [exthost] [info] extension host terminating: received terminate message from renderer
[2021-05-12 17:34:30.783] [exthost] [info] exiting with code 0
